2019-01-25 12:56:21.625  INFO 3012 --- [restartedMain] c.i.f.FinalProjectApplication            : Starting FinalProjectApplication on DESKTOP-LA40KC5 with PID 3012 (C:\Users\Tamara\Documents\workspace-sts-3.9.6.RELEASE\final_project\target\classes started by Tamara in C:\Users\Tamara\Documents\workspace-sts-3.9.6.RELEASE\final_project)
2019-01-25 12:56:21.640  INFO 3012 --- [restartedMain] c.i.f.FinalProjectApplication            : No active profile set, falling back to default profiles: default
2019-01-25 12:56:21.671  INFO 3012 --- [restartedMain] .e.DevToolsPropertyDefaultsPostProcessor : Devtools property defaults active! Set 'spring.devtools.add-properties' to 'false' to disable
2019-01-25 12:56:21.671  INFO 3012 --- [restartedMain] .e.DevToolsPropertyDefaultsPostProcessor : For additional web related logging consider setting the 'logging.level.web' property to 'DEBUG'
2019-01-25 12:56:22.874  INFO 3012 --- [restartedMain] .s.d.r.c.RepositoryConfigurationDelegate : Bootstrapping Spring Data repositories in DEFAULT mode.
2019-01-25 12:56:23.190  INFO 3012 --- [restartedMain] .s.d.r.c.RepositoryConfigurationDelegate : Finished Spring Data repository scanning in 313ms. Found 13 repository interfaces.
2019-01-25 12:56:23.591  INFO 3012 --- [restartedMain] trationDelegate$BeanPostProcessorChecker : Bean 'org.springframework.transaction.annotation.ProxyTransactionManagementConfiguration' of type [org.springframework.transaction.annotation.ProxyTransactionManagementConfiguration$$EnhancerBySpringCGLIB$$fd4abc44] is not eligible for getting processed by all BeanPostProcessors (for example: not eligible for auto-proxying)
2019-01-25 12:56:23.629  INFO 3012 --- [restartedMain] trationDelegate$BeanPostProcessorChecker : Bean 'org.springframework.security.config.annotation.configuration.ObjectPostProcessorConfiguration' of type [org.springframework.security.config.annotation.configuration.ObjectPostProcessorConfiguration$$EnhancerBySpringCGLIB$$95f8847e] is not eligible for getting processed by all BeanPostProcessors (for example: not eligible for auto-proxying)
2019-01-25 12:56:23.629  INFO 3012 --- [restartedMain] trationDelegate$BeanPostProcessorChecker : Bean 'objectPostProcessor' of type [org.springframework.security.config.annotation.configuration.AutowireBeanFactoryObjectPostProcessor] is not eligible for getting processed by all BeanPostProcessors (for example: not eligible for auto-proxying)
2019-01-25 12:56:23.645  INFO 3012 --- [restartedMain] trationDelegate$BeanPostProcessorChecker : Bean 'org.springframework.security.access.expression.method.DefaultMethodSecurityExpressionHandler@6cc9a2c0' of type [org.springframework.security.access.expression.method.DefaultMethodSecurityExpressionHandler] is not eligible for getting processed by all BeanPostProcessors (for example: not eligible for auto-proxying)
2019-01-25 12:56:23.645  INFO 3012 --- [restartedMain] trationDelegate$BeanPostProcessorChecker : Bean 'org.springframework.security.config.annotation.method.configuration.GlobalMethodSecurityConfiguration' of type [org.springframework.security.config.annotation.method.configuration.GlobalMethodSecurityConfiguration$$EnhancerBySpringCGLIB$$bacd2730] is not eligible for getting processed by all BeanPostProcessors (for example: not eligible for auto-proxying)
2019-01-25 12:56:23.645  INFO 3012 --- [restartedMain] trationDelegate$BeanPostProcessorChecker : Bean 'methodSecurityMetadataSource' of type [org.springframework.security.access.method.DelegatingMethodSecurityMetadataSource] is not eligible for getting processed by all BeanPostProcessors (for example: not eligible for auto-proxying)
2019-01-25 12:56:24.014  INFO 3012 --- [restartedMain] o.s.b.w.e.t.TomcatWebServer              : Tomcat initialized with port(s): 8080 (http)
2019-01-25 12:56:24.033  INFO 3012 --- [restartedMain] o.a.c.c.StandardService                  : Starting service [Tomcat]
2019-01-25 12:56:24.033  INFO 3012 --- [restartedMain] o.a.c.c.StandardEngine                   : Starting Servlet Engine: Apache Tomcat/9.0.13
2019-01-25 12:56:24.033  INFO 3012 --- [restartedMain] o.a.c.c.AprLifecycleListener             : The APR based Apache Tomcat Native library which allows optimal performance in production environments was not found on the java.library.path: [C:\Program Files\Java\jre1.8.0_181\bin;C:\WINDOWS\Sun\Java\bin;C:\WINDOWS\system32;C:\WINDOWS;C:/Program Files/Java/jre1.8.0_181/bin/server;C:/Program Files/Java/jre1.8.0_181/bin;C:/Program Files/Java/jre1.8.0_181/lib/amd64;C:\Program Files (x86)\Common Files\Oracle\Java\javapath;C:\ProgramData\Oracle\Java\javapath;C:\WINDOWS\system32;C:\WINDOWS;C:\WINDOWS\System32\Wbem;C:\WINDOWS\System32\WindowsPowerShell\v1.0\;C:\Program Files (x86)\Skype\Phone\;C:\Program Files (x86)\Brackets\command;C:\Program Files\MySQL\MySQL Utilities 1.6\;C:\WINDOWS\System32\OpenSSH\;C:\Program Files\Git\cmd;C:\Users\Tamara\AppData\Local\Microsoft\WindowsApps;;C:\Program Files\Microsoft VS Code\bin;C:\Users\Tamara\Documents\tamara\sts-bundle\sts-3.9.6.RELEASE;;.]
2019-01-25 12:56:24.162  INFO 3012 --- [restartedMain] o.a.c.c.C.[.[.[/]                        : Initializing Spring embedded WebApplicationContext
2019-01-25 12:56:24.162 DEBUG 3012 --- [restartedMain] o.s.w.c.ContextLoader                    : Published root WebApplicationContext as ServletContext attribute with name [org.springframework.web.context.WebApplicationContext.ROOT]
2019-01-25 12:56:24.162  INFO 3012 --- [restartedMain] o.s.w.c.ContextLoader                    : Root WebApplicationContext: initialization completed in 2491 ms
2019-01-25 12:56:24.494  INFO 3012 --- [restartedMain] c.z.h.HikariDataSource                   : HikariPool-1 - Starting...
2019-01-25 12:56:24.594  INFO 3012 --- [restartedMain] c.z.h.HikariDataSource                   : HikariPool-1 - Start completed.
2019-01-25 12:56:26.167  INFO 3012 --- [restartedMain] j.LocalContainerEntityManagerFactoryBean : Initialized JPA EntityManagerFactory for persistence unit 'default'
2019-01-25 12:56:26.205  INFO 3012 --- [restartedMain] o.s.b.d.a.OptionalLiveReloadServer       : LiveReload server is running on port 35729
2019-01-25 12:56:27.000  INFO 3012 --- [restartedMain] o.s.s.w.DefaultSecurityFilterChain       : Creating filter chain: any request, [org.springframework.security.web.context.request.async.WebAsyncManagerIntegrationFilter@549ea0a2, org.springframework.security.web.context.SecurityContextPersistenceFilter@74570227, org.springframework.security.web.header.HeaderWriterFilter@4f6296f4, org.springframework.security.web.authentication.logout.LogoutFilter@a559c06, org.springframework.security.web.authentication.www.BasicAuthenticationFilter@7b96677e, org.springframework.security.web.savedrequest.RequestCacheAwareFilter@6265fed7, org.springframework.security.web.servletapi.SecurityContextHolderAwareRequestFilter@7b884981, org.springframework.security.web.authentication.AnonymousAuthenticationFilter@230f54cc, org.springframework.security.web.session.SessionManagementFilter@49398c80, org.springframework.security.web.access.ExceptionTranslationFilter@d692286, org.springframework.security.web.access.intercept.FilterSecurityInterceptor@11d246b4]
2019-01-25 12:56:27.053 DEBUG 3012 --- [restartedMain] o.s.w.s.h.SimpleUrlHandlerMapping        : Patterns [/**/favicon.ico] in 'faviconHandlerMapping'
2019-01-25 12:56:27.185  INFO 3012 --- [restartedMain] o.s.s.c.ThreadPoolTaskExecutor           : Initializing ExecutorService 'applicationTaskExecutor'
2019-01-25 12:56:27.201 DEBUG 3012 --- [restartedMain] s.w.s.m.m.a.RequestMappingHandlerAdapter : ControllerAdvice beans: 0 @ModelAttribute, 0 @InitBinder, 1 RequestBodyAdvice, 1 ResponseBodyAdvice
2019-01-25 12:56:27.223  WARN 3012 --- [restartedMain] aWebConfiguration$JpaWebMvcConfiguration : spring.jpa.open-in-view is enabled by default. Therefore, database queries may be performed during view rendering. Explicitly configure spring.jpa.open-in-view to disable this warning
2019-01-25 12:56:27.270 DEBUG 3012 --- [restartedMain] s.w.s.m.m.a.RequestMappingHandlerMapping : 67 mappings in 'requestMappingHandlerMapping'
2019-01-25 12:56:27.285 DEBUG 3012 --- [restartedMain] o.s.w.s.h.SimpleUrlHandlerMapping        : Patterns [/webjars/**, /**] in 'resourceHandlerMapping'
2019-01-25 12:56:27.301 DEBUG 3012 --- [restartedMain] .m.m.a.ExceptionHandlerExceptionResolver : ControllerAdvice beans: 0 @ExceptionHandler, 1 ResponseBodyAdvice
2019-01-25 12:56:27.586  INFO 3012 --- [restartedMain] o.s.b.w.e.t.TomcatWebServer              : Tomcat started on port(s): 8080 (http) with context path ''
2019-01-25 12:56:27.586  INFO 3012 --- [restartedMain] c.i.f.FinalProjectApplication            : Started FinalProjectApplication in 6.4 seconds (JVM running for 7.443)
2019-01-25 13:11:55.246  INFO 3012 --- [http-nio-8080-exec-2] o.a.c.c.C.[.[.[/]                        : Initializing Spring DispatcherServlet 'dispatcherServlet'
2019-01-25 13:11:55.246  INFO 3012 --- [http-nio-8080-exec-2] o.s.w.s.DispatcherServlet                : Initializing Servlet 'dispatcherServlet'
2019-01-25 13:11:55.249 DEBUG 3012 --- [http-nio-8080-exec-2] o.s.w.s.DispatcherServlet                : Detected StandardServletMultipartResolver
2019-01-25 13:11:55.260 DEBUG 3012 --- [http-nio-8080-exec-2] o.s.w.s.DispatcherServlet                : enableLoggingRequestDetails='false': request parameters and headers will be masked to prevent unsafe logging of potentially sensitive data
2019-01-25 13:11:55.260  INFO 3012 --- [http-nio-8080-exec-2] o.s.w.s.DispatcherServlet                : Completed initialization in 11 ms
2019-01-25 13:11:55.524 DEBUG 3012 --- [http-nio-8080-exec-2] o.s.w.s.DispatcherServlet                : GET "/project/mark/parent/5", parameters={}
2019-01-25 13:11:55.524 DEBUG 3012 --- [http-nio-8080-exec-2] s.w.s.m.m.a.RequestMappingHandlerMapping : Mapped to public org.springframework.http.ResponseEntity<?> com.iktpreobuka.final_project.controllers.MarkController.findMarksByParent(java.lang.Long)
2019-01-25 13:11:55.808 DEBUG 3012 --- [http-nio-8080-exec-2] o.s.w.s.m.m.a.HttpEntityMethodProcessor  : Using 'application/json', given [*/*] and supported [application/json, application/*+json, application/json, application/*+json]
2019-01-25 13:11:55.808 DEBUG 3012 --- [http-nio-8080-exec-2] o.s.w.s.m.m.a.HttpEntityMethodProcessor  : Writing [org.springframework.http.converter.json.MappingJacksonValue@560cced8]
2019-01-25 13:11:55.895 DEBUG 3012 --- [http-nio-8080-exec-2] o.s.w.s.DispatcherServlet                : Completed 200 OK
